05/01/2025 12:13:14 AM root - INFO - Training Trace=/home/femu/data/hm_1_eval.csv
05/01/2025 12:13:14 AM root - INFO - RL algo=DQN
05/01/2025 12:13:14 AM root - INFO - Observation Spec=BoundedArraySpec(shape=(1, 9), dtype=dtype('float64'), name='observation', minimum=-1.7976931348623157e+308, maximum=1.7976931348623157e+308)
05/01/2025 12:13:14 AM root - INFO - Action Spec=BoundedArraySpec(shape=(), dtype=dtype('int32'), name='action', minimum=0, maximum=1)
05/01/2025 12:13:14 AM root - INFO - Reward Spec=ArraySpec(shape=(), dtype=dtype('float32'), name='reward')
05/01/2025 12:13:14 AM absl - WARNING - Importing a function (__inference_polymorphic_action_fn_289167953) with ops with custom gradients. Will likely fail if a gradient is requested.
05/01/2025 12:13:14 AM absl - WARNING - Importing a function (__inference_polymorphic_action_fn_289167953) with ops with custom gradients. Will likely fail if a gradient is requested.
05/01/2025 12:13:14 AM absl - WARNING - Importing a function (__inference_polymorphic_action_fn_289167816) with ops with custom gradients. Will likely fail if a gradient is requested.
05/01/2025 12:13:14 AM absl - WARNING - Importing a function (__inference_polymorphic_action_fn_289167816) with ops with custom gradients. Will likely fail if a gradient is requested.
05/01/2025 12:13:14 AM absl - WARNING - Importing a function (__inference_polymorphic_action_fn_289168019) with ops with custom gradients. Will likely fail if a gradient is requested.
05/01/2025 12:13:14 AM absl - WARNING - Importing a function (__inference_polymorphic_action_fn_289168019) with ops with custom gradients. Will likely fail if a gradient is requested.
05/01/2025 12:13:14 AM absl - WARNING - Importing a function (__inference_polymorphic_distribution_fn_289168068) with ops with custom gradients. Will likely fail if a gradient is requested.
05/01/2025 12:13:14 AM absl - WARNING - Importing a function (__inference_polymorphic_distribution_fn_289168068) with ops with custom gradients. Will likely fail if a gradient is requested.
05/01/2025 12:29:54 AM root - DEBUG - *Storage Request (609310/609311)*
05/01/2025 12:29:54 AM root - DEBUG - 	> Incoming request: [[4.51514368e+08 8.19200000e+03 0.00000000e+00]]
05/01/2025 12:29:54 AM root - DEBUG - 	> Action: 1
05/01/2025 12:29:54 AM root - DEBUG - 	> Request type: 0 (1: WRITE, 0: READ)
05/01/2025 12:29:54 AM root - DEBUG - 			[READ] ****NO MOVE****
05/01/2025 12:29:54 AM root - DEBUG - 	> Observation Vector::Size:0.01466275659824047, R/W:0.0, Access count:0.005038477887318627,Access interval:0.0, #pages:2.0, #previous:1.0, Filled_Fast:5.960525,Filled_slow:4.706433333333333
05/01/2025 12:29:54 AM root - DEBUG - 		Total time:9.402329
05/01/2025 12:29:54 AM root - DEBUG - 		Latency of current request 0.000004
05/01/2025 12:29:54 AM root - DEBUG - 		Urgent Eviction time 0.000000
05/01/2025 12:29:54 AM root - DEBUG - 		Filled fast = 5.960525, Filled mid = 4.706433333333333, Filled slow = -0.06992959976196289
05/01/2025 12:29:54 AM root - DEBUG - 		Total writes to slow device 916.000000
05/01/2025 12:29:54 AM root - DEBUG - 		Total writes to fast device 29881.000000
05/01/2025 12:29:54 AM root - DEBUG - 		Total writes to mid device 6539.000000
05/01/2025 12:29:54 AM root - DEBUG - 		Promotion to fast device 2343.000000
05/01/2025 12:29:54 AM root - DEBUG - 		Eviction to mid device 6539.000000
05/01/2025 12:29:54 AM root - DEBUG - 		Eviction to slow device 39.000000
05/01/2025 12:29:54 AM root - DEBUG - 		Invalid pages: 0.000000
05/01/2025 12:29:54 AM root - DEBUG - 		Total reads from slow device: 2391.000000
05/01/2025 12:29:54 AM root - DEBUG - 		Total reads from fast device: 583136.000000
05/01/2025 12:29:54 AM root - DEBUG - 		Total reads from mid device: 0.000000
05/01/2025 12:29:54 AM root - DEBUG - 	############Action=1, Prev=1, Reward=27.3############

05/01/2025 12:29:54 AM root - DEBUG - *************EPISODE ENDED*************
05/01/2025 12:29:54 AM root - INFO - Total time elapsed: 16.668321 minutes
05/01/2025 12:29:54 AM root - INFO - > Ending Evaluation Run

